<?xml version="1.0" encoding="UTF-8"?>
<!-- Generated by org.testng.reporters.JUnitReportReporter -->
<testsuite hostname="CSCO-W-PF2RPKTK" failures="0" tests="3" name="com.runner.TestRunner" time="29.690" errors="0" timestamp="2021-12-22T18:45:21 IST" skipped="0">
  <testcase classname="com.runner.TestRunner" name="runScenario" time="15.044"/>
  <system-out/>
  <testcase classname="com.runner.TestRunner" name="runScenario" time="0.009"/>
  <system-out/>
  <testcase classname="com.runner.TestRunner" name="runScenario" time="14.637"/>
  <system-out/>
</testsuite> <!-- com.runner.TestRunner -->
